<?xml version="1.0" encoding="UTF-8"?>
<!-- Generated by org.testng.reporters.JUnitXMLReporter -->
<testsuite ignored="0" hostname="DESKTOP-5ICMDD7" failures="2" tests="3" name="Test" time="0.095" errors="0" timestamp="2022-05-26T10:46:56 IST">
  <testcase classname="testNG.Contact" name="createContact" time="0.013">
    <failure type="java.lang.AssertionError" message="null">
      <![CDATA[java.lang.AssertionError: null
at testNG.Contact.createContact(Contact.java:11)
at java.base/java.util.ArrayList.forEach(ArrayList.java:1511)
... Removed 29 stack frames]]>
    </failure>
  </testcase> <!-- createContact -->
  <testcase classname="testNG.Camp" name="createCamp" time="0.004"/>
  <testcase classname="testNG.Organization" name="createOrg" time="0.001">
    <failure type="java.lang.AssertionError" message="null">
      <![CDATA[java.lang.AssertionError: null
at testNG.Organization.createOrg(Organization.java:11)
at java.base/java.util.ArrayList.forEach(ArrayList.java:1511)
... Removed 29 stack frames]]>
    </failure>
  </testcase> <!-- createOrg -->
</testsuite> <!-- Test -->
